*** Starting uWSGI 2.0.4 (64bit) on [Mon Apr 28 16:22:24 2014] ***
compiled with version: 4.6.3 on 28 April 2014 15:44:05
os: Linux-3.13.0-24-generic #46-Ubuntu SMP Thu Apr 10 19:11:08 UTC 2014
nodename: 2e2d2c3b1850
machine: x86_64
clock source: unix
pcre jit disabled
detected number of CPU cores: 4
current working directory: /
detected binary path: /usr/local/bin/uwsgi
uWSGI running as root, you can use --uid/--gid/--chroot options
*** WARNING: you are running uWSGI as root !!! (use the --uid flag) *** 
*** WARNING: you are running uWSGI without its master process manager ***
your processes number limit is 30196
your memory page size is 4096 bytes
detected max file descriptor number: 1024
lock engine: pthread robust mutexes
thunder lock: disabled (you can enable it with --thunder-lock)
uwsgi socket 0 bound to TCP address 0.0.0.0:8000 fd 3
Python version: 2.7.3 (default, Feb 27 2014, 20:09:21)  [GCC 4.6.3]
Set PythonHome to /srv/virtualenv
Python main interpreter initialized at 0xe5abc0
python threads support enabled
your server socket listen backlog is limited to 100 connections
your mercy for graceful operations on workers is 60 seconds
mapped 72760 bytes (71 KB) for 1 cores
*** Operational MODE: single process ***
added /srv/project/ to pythonpath.
Traceback (most recent call last):
  File "/srv/project/myproject/wsgi.py", line 13, in <module>
    from django.core.wsgi import get_wsgi_application
ImportError: No module named django.core.wsgi
unable to load app 0 (mountpoint='') (callable not found or import error)
*** no app loaded. going in full dynamic mode ***
*** uWSGI is running in multiple interpreter mode ***
spawned uWSGI worker 1 (and the only) (pid: 7, cores: 1)
--- no python application found, check your startup logs for errors ---
[pid: 7|app: -1|req: -1/1] 172.17.42.1 () {34 vars in 594 bytes} [Mon Apr 28 16:22:41 2014] GET / => generated 21 bytes in 0 msecs (HTTP/1.1 500) 2 headers in 83 bytes (0 switches on core 0)
--- no python application found, check your startup logs for errors ---
[pid: 7|app: -1|req: -1/2] 172.17.42.1 () {32 vars in 514 bytes} [Mon Apr 28 16:22:41 2014] GET /favicon.ico => generated 21 bytes in 0 msecs (HTTP/1.1 500) 2 headers in 83 bytes (0 switches on core 0)
*** Starting uWSGI 2.0.4 (64bit) on [Mon Apr 28 16:24:49 2014] ***
compiled with version: 4.6.3 on 28 April 2014 15:44:05
os: Linux-3.13.0-24-generic #46-Ubuntu SMP Thu Apr 10 19:11:08 UTC 2014
nodename: 2e2d2c3b1850
machine: x86_64
clock source: unix
pcre jit disabled
detected number of CPU cores: 4
current working directory: /
detected binary path: /usr/local/bin/uwsgi
uWSGI running as root, you can use --uid/--gid/--chroot options
*** WARNING: you are running uWSGI as root !!! (use the --uid flag) *** 
*** WARNING: you are running uWSGI without its master process manager ***
your processes number limit is 30196
your memory page size is 4096 bytes
detected max file descriptor number: 1024
lock engine: pthread robust mutexes
thunder lock: disabled (you can enable it with --thunder-lock)
uwsgi socket 0 bound to TCP address 0.0.0.0:8000 fd 3
Python version: 2.7.3 (default, Feb 27 2014, 20:09:21)  [GCC 4.6.3]
Set PythonHome to /srv/virtualenv
Python main interpreter initialized at 0x108cbc0
python threads support enabled
your server socket listen backlog is limited to 100 connections
your mercy for graceful operations on workers is 60 seconds
mapped 72760 bytes (71 KB) for 1 cores
*** Operational MODE: single process ***
added /srv/project/ to pythonpath.
Traceback (most recent call last):
  File "/srv/project/myproject/wsgi.py", line 13, in <module>
    from django.core.wsgi import get_wsgi_application
ImportError: No module named django.core.wsgi
unable to load app 0 (mountpoint='') (callable not found or import error)
*** no app loaded. going in full dynamic mode ***
*** uWSGI is running in multiple interpreter mode ***
spawned uWSGI worker 1 (and the only) (pid: 7, cores: 1)
*** Starting uWSGI 2.0.4 (64bit) on [Mon Apr 28 16:34:06 2014] ***
compiled with version: 4.6.3 on 28 April 2014 15:44:05
os: Linux-3.13.0-24-generic #46-Ubuntu SMP Thu Apr 10 19:11:08 UTC 2014
nodename: 2e2d2c3b1850
machine: x86_64
clock source: unix
pcre jit disabled
detected number of CPU cores: 4
current working directory: /
detected binary path: /usr/local/bin/uwsgi
uWSGI running as root, you can use --uid/--gid/--chroot options
*** WARNING: you are running uWSGI as root !!! (use the --uid flag) *** 
*** WARNING: you are running uWSGI without its master process manager ***
your processes number limit is 30196
your memory page size is 4096 bytes
detected max file descriptor number: 1024
lock engine: pthread robust mutexes
thunder lock: disabled (you can enable it with --thunder-lock)
uwsgi socket 0 bound to TCP address 0.0.0.0:8000 fd 3
Python version: 2.7.3 (default, Feb 27 2014, 20:09:21)  [GCC 4.6.3]
Set PythonHome to /srv/virtualenv
Python main interpreter initialized at 0x270ebc0
python threads support enabled
your server socket listen backlog is limited to 100 connections
your mercy for graceful operations on workers is 60 seconds
mapped 72760 bytes (71 KB) for 1 cores
*** Operational MODE: single process ***
added /srv/project/ to pythonpath.
WSGI app 0 (mountpoint='') ready in 1 seconds on interpreter 0x270ebc0 pid: 7 (default app)
*** uWSGI is running in multiple interpreter mode ***
spawned uWSGI worker 1 (and the only) (pid: 7, cores: 1)
[pid: 7|app: 0|req: 1/1] 172.17.42.1 () {32 vars in 563 bytes} [Mon Apr 28 16:34:19 2014] GET / => generated 1757 bytes in 1013 msecs (HTTP/1.1 200) 2 headers in 73 bytes (1 switches on core 0)
[pid: 7|app: 0|req: 2/2] 172.17.42.1 () {32 vars in 563 bytes} [Mon Apr 28 16:34:20 2014] GET / => generated 1757 bytes in 1 msecs (HTTP/1.1 200) 2 headers in 73 bytes (1 switches on core 0)
[pid: 7|app: 0|req: 3/3] 172.17.42.1 () {32 vars in 514 bytes} [Mon Apr 28 16:34:20 2014] GET /favicon.ico => generated 1930 bytes in 6 msecs (HTTP/1.1 404) 2 headers in 80 bytes (1 switches on core 0)
